{"D:\\my-brand\\backend\\server.js": {"path":"D:\\my-brand\\backend\\server.js","statementMap":{"0":{"start":{"line":1,"column":16},"end":{"line":1,"column":34}},"1":{"start":{"line":2,"column":0},"end":{"line":2,"column":27}},"2":{"start":{"line":3,"column":11},"end":{"line":3,"column":20}},"3":{"start":{"line":4,"column":12},"end":{"line":4,"column":27}},"4":{"start":{"line":5,"column":11},"end":{"line":5,"column":35}},"5":{"start":{"line":6,"column":11},"end":{"line":6,"column":26}},"6":{"start":{"line":7,"column":16},"end":{"line":7,"column":35}},"7":{"start":{"line":8,"column":12},"end":{"line":8,"column":28}},"8":{"start":{"line":9,"column":21},"end":{"line":9,"column":45}},"9":{"start":{"line":10,"column":17},"end":{"line":10,"column":47}},"10":{"start":{"line":11,"column":21},"end":{"line":11,"column":54}},"11":{"start":{"line":12,"column":18},"end":{"line":12,"column":48}},"12":{"start":{"line":13,"column":19},"end":{"line":13,"column":49}},"13":{"start":{"line":14,"column":21},"end":{"line":14,"column":53}},"14":{"start":{"line":15,"column":23},"end":{"line":15,"column":58}},"15":{"start":{"line":16,"column":18},"end":{"line":16,"column":47}},"16":{"start":{"line":17,"column":18},"end":{"line":17,"column":51}},"17":{"start":{"line":18,"column":22},"end":{"line":18,"column":58}},"18":{"start":{"line":19,"column":38},"end":{"line":19,"column":76}},"19":{"start":{"line":20,"column":16},"end":{"line":20,"column":45}},"20":{"start":{"line":21,"column":21},"end":{"line":21,"column":45}},"21":{"start":{"line":22,"column":18},"end":{"line":22,"column":47}},"22":{"start":{"line":26,"column":13},"end":{"line":26,"column":31}},"23":{"start":{"line":27,"column":0},"end":{"line":34,"column":3}},"24":{"start":{"line":29,"column":3},"end":{"line":31,"column":7}},"25":{"start":{"line":30,"column":8},"end":{"line":30,"column":44}},"26":{"start":{"line":33,"column":4},"end":{"line":33,"column":21}},"27":{"start":{"line":38,"column":26},"end":{"line":38,"column":51}},"28":{"start":{"line":41,"column":16},"end":{"line":44,"column":1}},"29":{"start":{"line":46,"column":13},"end":{"line":46,"column":34}},"30":{"start":{"line":49,"column":0},"end":{"line":49,"column":16}},"31":{"start":{"line":51,"column":0},"end":{"line":51,"column":56}},"32":{"start":{"line":54,"column":17},"end":{"line":54,"column":66}},"33":{"start":{"line":55,"column":20},"end":{"line":64,"column":1}},"34":{"start":{"line":57,"column":8},"end":{"line":61,"column":9}},"35":{"start":{"line":58,"column":12},"end":{"line":58,"column":32}},"36":{"start":{"line":60,"column":12},"end":{"line":60,"column":75}},"37":{"start":{"line":66,"column":0},"end":{"line":66,"column":27}},"38":{"start":{"line":68,"column":0},"end":{"line":68,"column":46}},"39":{"start":{"line":69,"column":0},"end":{"line":69,"column":24}},"40":{"start":{"line":70,"column":0},"end":{"line":70,"column":26}},"41":{"start":{"line":71,"column":0},"end":{"line":71,"column":23}},"42":{"start":{"line":76,"column":0},"end":{"line":76,"column":60}},"43":{"start":{"line":80,"column":0},"end":{"line":80,"column":33}},"44":{"start":{"line":81,"column":0},"end":{"line":81,"column":40}},"45":{"start":{"line":82,"column":0},"end":{"line":82,"column":34}},"46":{"start":{"line":83,"column":0},"end":{"line":83,"column":35}},"47":{"start":{"line":84,"column":0},"end":{"line":84,"column":33}},"48":{"start":{"line":85,"column":0},"end":{"line":85,"column":40}},"49":{"start":{"line":86,"column":0},"end":{"line":86,"column":44}},"50":{"start":{"line":89,"column":0},"end":{"line":92,"column":3}},"51":{"start":{"line":90,"column":4},"end":{"line":90,"column":20}},"52":{"start":{"line":91,"column":4},"end":{"line":91,"column":45}},"53":{"start":{"line":94,"column":0},"end":{"line":94,"column":22}},"54":{"start":{"line":96,"column":0},"end":{"line":96,"column":19}}},"fnMap":{"0":{"name":"(anonymous_0)","decl":{"start":{"line":28,"column":7},"end":{"line":28,"column":8}},"loc":{"start":{"line":28,"column":17},"end":{"line":32,"column":1}},"line":28},"1":{"name":"(anonymous_1)","decl":{"start":{"line":29,"column":19},"end":{"line":29,"column":20}},"loc":{"start":{"line":29,"column":28},"end":{"line":31,"column":5}},"line":29},"2":{"name":"(anonymous_2)","decl":{"start":{"line":32,"column":9},"end":{"line":32,"column":10}},"loc":{"start":{"line":32,"column":16},"end":{"line":34,"column":1}},"line":32},"3":{"name":"(anonymous_3)","decl":{"start":{"line":56,"column":11},"end":{"line":56,"column":12}},"loc":{"start":{"line":56,"column":36},"end":{"line":62,"column":5}},"line":56},"4":{"name":"(anonymous_4)","decl":{"start":{"line":89,"column":13},"end":{"line":89,"column":14}},"loc":{"start":{"line":89,"column":27},"end":{"line":92,"column":1}},"line":89}},"branchMap":{"0":{"loc":{"start":{"line":5,"column":11},"end":{"line":5,"column":35}},"type":"binary-expr","locations":[{"start":{"line":5,"column":11},"end":{"line":5,"column":27}},{"start":{"line":5,"column":31},"end":{"line":5,"column":35}}],"line":5},"1":{"loc":{"start":{"line":57,"column":8},"end":{"line":61,"column":9}},"type":"if","locations":[{"start":{"line":57,"column":8},"end":{"line":61,"column":9}},{"start":{"line":59,"column":13},"end":{"line":61,"column":9}}],"line":57},"2":{"loc":{"start":{"line":57,"column":11},"end":{"line":57,"column":54}},"type":"binary-expr","locations":[{"start":{"line":57,"column":11},"end":{"line":57,"column":43}},{"start":{"line":57,"column":47},"end":{"line":57,"column":54}}],"line":57}},"s":{"0":1,"1":1,"2":1,"3":1,"4":1,"5":1,"6":1,"7":1,"8":1,"9":1,"10":1,"11":1,"12":1,"13":1,"14":1,"15":1,"16":1,"17":1,"18":1,"19":1,"20":1,"21":1,"22":1,"23":1,"24":0,"25":0,"26":0,"27":1,"28":1,"29":1,"30":1,"31":1,"32":1,"33":1,"34":10,"35":10,"36":0,"37":1,"38":1,"39":1,"40":1,"41":1,"42":1,"43":1,"44":1,"45":1,"46":1,"47":1,"48":1,"49":1,"50":1,"51":0,"52":0,"53":1,"54":1},"f":{"0":0,"1":0,"2":0,"3":10,"4":0},"b":{"0":[1,0],"1":[10,0],"2":[10,10]},"inputSourceMap":null,"_coverageSchema":"1a1c01bbd47fc00a2c39e90264f33305004495a9","hash":"ad1dd08baa5536b35a3370fec7825c1021084850"}
,"D:\\my-brand\\backend\\controllers\\apis\\authController.js": {"path":"D:\\my-brand\\backend\\controllers\\apis\\authController.js","statementMap":{"0":{"start":{"line":1,"column":11},"end":{"line":1,"column":40}},"1":{"start":{"line":2,"column":15},"end":{"line":2,"column":32}},"2":{"start":{"line":3,"column":11},"end":{"line":3,"column":34}},"3":{"start":{"line":4,"column":19},"end":{"line":4,"column":55}},"4":{"start":{"line":6,"column":15},"end":{"line":6,"column":23}},"5":{"start":{"line":8,"column":14},"end":{"line":35,"column":1}},"6":{"start":{"line":9,"column":13},"end":{"line":9,"column":26}},"7":{"start":{"line":10,"column":7},"end":{"line":34,"column":7}},"8":{"start":{"line":12,"column":9},"end":{"line":30,"column":10}},"9":{"start":{"line":13,"column":12},"end":{"line":26,"column":15}},"10":{"start":{"line":15,"column":14},"end":{"line":21,"column":15}},"11":{"start":{"line":16,"column":16},"end":{"line":16,"column":103}},"12":{"start":{"line":18,"column":32},"end":{"line":18,"column":53}},"13":{"start":{"line":19,"column":18},"end":{"line":19,"column":82}},"14":{"start":{"line":20,"column":17},"end":{"line":20,"column":94}},"15":{"start":{"line":23,"column":14},"end":{"line":25,"column":15}},"16":{"start":{"line":24,"column":16},"end":{"line":24,"column":79}},"17":{"start":{"line":28,"column":8},"end":{"line":29,"column":91}},"18":{"start":{"line":33,"column":8},"end":{"line":33,"column":71}},"19":{"start":{"line":39,"column":23},"end":{"line":62,"column":5}},"20":{"start":{"line":40,"column":21},"end":{"line":40,"column":49}},"21":{"start":{"line":42,"column":4},"end":{"line":42,"column":98}},"22":{"start":{"line":42,"column":21},"end":{"line":42,"column":98}},"23":{"start":{"line":43,"column":22},"end":{"line":43,"column":46}},"24":{"start":{"line":44,"column":7},"end":{"line":60,"column":7}},"25":{"start":{"line":45,"column":8},"end":{"line":57,"column":13}},"26":{"start":{"line":47,"column":12},"end":{"line":56,"column":13}},"27":{"start":{"line":48,"column":16},"end":{"line":48,"column":99}},"28":{"start":{"line":51,"column":16},"end":{"line":55,"column":19}},"29":{"start":{"line":52,"column":18},"end":{"line":52,"column":98}},"30":{"start":{"line":54,"column":19},"end":{"line":54,"column":99}},"31":{"start":{"line":59,"column":8},"end":{"line":59,"column":84}},"32":{"start":{"line":64,"column":16},"end":{"line":67,"column":1}},"33":{"start":{"line":65,"column":2},"end":{"line":65,"column":39}},"34":{"start":{"line":66,"column":2},"end":{"line":66,"column":44}},"35":{"start":{"line":69,"column":0},"end":{"line":69,"column":45}}},"fnMap":{"0":{"name":"(anonymous_0)","decl":{"start":{"line":8,"column":14},"end":{"line":8,"column":15}},"loc":{"start":{"line":8,"column":34},"end":{"line":35,"column":1}},"line":8},"1":{"name":"(anonymous_1)","decl":{"start":{"line":10,"column":55},"end":{"line":10,"column":56}},"loc":{"start":{"line":10,"column":65},"end":{"line":32,"column":5}},"line":10},"2":{"name":"(anonymous_2)","decl":{"start":{"line":13,"column":61},"end":{"line":13,"column":62}},"loc":{"start":{"line":13,"column":83},"end":{"line":26,"column":13}},"line":13},"3":{"name":"(anonymous_3)","decl":{"start":{"line":32,"column":13},"end":{"line":32,"column":14}},"loc":{"start":{"line":32,"column":22},"end":{"line":34,"column":5}},"line":32},"4":{"name":"(anonymous_4)","decl":{"start":{"line":39,"column":23},"end":{"line":39,"column":24}},"loc":{"start":{"line":39,"column":42},"end":{"line":62,"column":5}},"line":39},"5":{"name":"(anonymous_5)","decl":{"start":{"line":45,"column":49},"end":{"line":45,"column":50}},"loc":{"start":{"line":46,"column":10},"end":{"line":57,"column":11}},"line":46},"6":{"name":"(anonymous_6)","decl":{"start":{"line":51,"column":52},"end":{"line":51,"column":53}},"loc":{"start":{"line":51,"column":62},"end":{"line":53,"column":17}},"line":51},"7":{"name":"(anonymous_7)","decl":{"start":{"line":53,"column":25},"end":{"line":53,"column":26}},"loc":{"start":{"line":53,"column":36},"end":{"line":55,"column":17}},"line":53},"8":{"name":"(anonymous_8)","decl":{"start":{"line":64,"column":16},"end":{"line":64,"column":17}},"loc":{"start":{"line":64,"column":36},"end":{"line":67,"column":1}},"line":64}},"branchMap":{"0":{"loc":{"start":{"line":12,"column":9},"end":{"line":30,"column":10}},"type":"if","locations":[{"start":{"line":12,"column":9},"end":{"line":30,"column":10}},{"start":{"line":27,"column":14},"end":{"line":30,"column":10}}],"line":12},"1":{"loc":{"start":{"line":15,"column":14},"end":{"line":21,"column":15}},"type":"if","locations":[{"start":{"line":15,"column":14},"end":{"line":21,"column":15}},{"start":{"line":17,"column":19},"end":{"line":21,"column":15}}],"line":15},"2":{"loc":{"start":{"line":23,"column":14},"end":{"line":25,"column":15}},"type":"if","locations":[{"start":{"line":23,"column":14},"end":{"line":25,"column":15}},{"start":{},"end":{}}],"line":23},"3":{"loc":{"start":{"line":42,"column":4},"end":{"line":42,"column":98}},"type":"if","locations":[{"start":{"line":42,"column":4},"end":{"line":42,"column":98}},{"start":{},"end":{}}],"line":42},"4":{"loc":{"start":{"line":47,"column":12},"end":{"line":56,"column":13}},"type":"if","locations":[{"start":{"line":47,"column":12},"end":{"line":56,"column":13}},{"start":{"line":50,"column":17},"end":{"line":56,"column":13}}],"line":47}},"s":{"0":1,"1":1,"2":1,"3":1,"4":1,"5":1,"6":2,"7":2,"8":0,"9":0,"10":0,"11":0,"12":0,"13":0,"14":0,"15":0,"16":0,"17":0,"18":0,"19":1,"20":0,"21":0,"22":0,"23":0,"24":0,"25":0,"26":0,"27":0,"28":0,"29":0,"30":0,"31":0,"32":1,"33":0,"34":0,"35":1},"f":{"0":2,"1":0,"2":0,"3":0,"4":0,"5":0,"6":0,"7":0,"8":0},"b":{"0":[0,0],"1":[0,0],"2":[0,0],"3":[0,0],"4":[0,0]},"inputSourceMap":null,"_coverageSchema":"1a1c01bbd47fc00a2c39e90264f33305004495a9","hash":"b0149b0ea435b511c9e9ce4594bb669893806395"}
,"D:\\my-brand\\backend\\controllers\\apis\\commentsController.js": {"path":"D:\\my-brand\\backend\\controllers\\apis\\commentsController.js","statementMap":{"0":{"start":{"line":1,"column":14},"end":{"line":1,"column":46}},"1":{"start":{"line":4,"column":22},"end":{"line":11,"column":1}},"2":{"start":{"line":5,"column":1},"end":{"line":10,"column":7}},"3":{"start":{"line":6,"column":9},"end":{"line":7,"column":65}},"4":{"start":{"line":9,"column":8},"end":{"line":9,"column":87}},"5":{"start":{"line":13,"column":22},"end":{"line":23,"column":1}},"6":{"start":{"line":14,"column":22},"end":{"line":14,"column":43}},"7":{"start":{"line":16,"column":4},"end":{"line":21,"column":7}},"8":{"start":{"line":17,"column":8},"end":{"line":18,"column":62}},"9":{"start":{"line":20,"column":8},"end":{"line":20,"column":81}},"10":{"start":{"line":24,"column":20},"end":{"line":32,"column":1}},"11":{"start":{"line":25,"column":11},"end":{"line":25,"column":24}},"12":{"start":{"line":26,"column":7},"end":{"line":31,"column":11}},"13":{"start":{"line":27,"column":13},"end":{"line":28,"column":65}},"14":{"start":{"line":30,"column":12},"end":{"line":30,"column":85}},"15":{"start":{"line":34,"column":23},"end":{"line":43,"column":1}},"16":{"start":{"line":35,"column":14},"end":{"line":35,"column":27}},"17":{"start":{"line":36,"column":25},"end":{"line":36,"column":33}},"18":{"start":{"line":37,"column":4},"end":{"line":42,"column":7}},"19":{"start":{"line":38,"column":9},"end":{"line":39,"column":65}},"20":{"start":{"line":41,"column":8},"end":{"line":41,"column":82}},"21":{"start":{"line":45,"column":24},"end":{"line":55,"column":1}},"22":{"start":{"line":46,"column":13},"end":{"line":46,"column":26}},"23":{"start":{"line":47,"column":6},"end":{"line":54,"column":11}},"24":{"start":{"line":48,"column":13},"end":{"line":49,"column":57}},"25":{"start":{"line":51,"column":13},"end":{"line":53,"column":87}},"26":{"start":{"line":62,"column":0},"end":{"line":64,"column":1}}},"fnMap":{"0":{"name":"(anonymous_0)","decl":{"start":{"line":4,"column":22},"end":{"line":4,"column":23}},"loc":{"start":{"line":4,"column":34},"end":{"line":11,"column":1}},"line":4},"1":{"name":"(anonymous_1)","decl":{"start":{"line":5,"column":21},"end":{"line":5,"column":22}},"loc":{"start":{"line":5,"column":32},"end":{"line":8,"column":5}},"line":5},"2":{"name":"(anonymous_2)","decl":{"start":{"line":8,"column":13},"end":{"line":8,"column":14}},"loc":{"start":{"line":8,"column":22},"end":{"line":10,"column":5}},"line":8},"3":{"name":"(anonymous_3)","decl":{"start":{"line":13,"column":22},"end":{"line":13,"column":23}},"loc":{"start":{"line":13,"column":34},"end":{"line":23,"column":1}},"line":13},"4":{"name":"(anonymous_4)","decl":{"start":{"line":16,"column":27},"end":{"line":16,"column":28}},"loc":{"start":{"line":16,"column":38},"end":{"line":19,"column":5}},"line":16},"5":{"name":"(anonymous_5)","decl":{"start":{"line":19,"column":13},"end":{"line":19,"column":14}},"loc":{"start":{"line":19,"column":22},"end":{"line":21,"column":5}},"line":19},"6":{"name":"(anonymous_6)","decl":{"start":{"line":24,"column":20},"end":{"line":24,"column":21}},"loc":{"start":{"line":24,"column":33},"end":{"line":32,"column":1}},"line":24},"7":{"name":"(anonymous_7)","decl":{"start":{"line":26,"column":54},"end":{"line":26,"column":55}},"loc":{"start":{"line":26,"column":66},"end":{"line":29,"column":9}},"line":26},"8":{"name":"(anonymous_8)","decl":{"start":{"line":29,"column":17},"end":{"line":29,"column":18}},"loc":{"start":{"line":29,"column":26},"end":{"line":31,"column":9}},"line":29},"9":{"name":"(anonymous_9)","decl":{"start":{"line":34,"column":23},"end":{"line":34,"column":24}},"loc":{"start":{"line":34,"column":37},"end":{"line":43,"column":1}},"line":34},"10":{"name":"(anonymous_10)","decl":{"start":{"line":37,"column":54},"end":{"line":37,"column":55}},"loc":{"start":{"line":37,"column":66},"end":{"line":40,"column":5}},"line":37},"11":{"name":"(anonymous_11)","decl":{"start":{"line":40,"column":13},"end":{"line":40,"column":14}},"loc":{"start":{"line":40,"column":22},"end":{"line":42,"column":5}},"line":40},"12":{"name":"(anonymous_12)","decl":{"start":{"line":45,"column":24},"end":{"line":45,"column":25}},"loc":{"start":{"line":45,"column":44},"end":{"line":55,"column":1}},"line":45},"13":{"name":"(anonymous_13)","decl":{"start":{"line":47,"column":47},"end":{"line":47,"column":48}},"loc":{"start":{"line":47,"column":59},"end":{"line":50,"column":9}},"line":47},"14":{"name":"(anonymous_14)","decl":{"start":{"line":50,"column":17},"end":{"line":50,"column":18}},"loc":{"start":{"line":50,"column":24},"end":{"line":54,"column":9}},"line":50}},"branchMap":{},"s":{"0":1,"1":1,"2":0,"3":0,"4":0,"5":1,"6":0,"7":0,"8":0,"9":0,"10":1,"11":0,"12":0,"13":0,"14":0,"15":1,"16":0,"17":0,"18":0,"19":0,"20":0,"21":1,"22":0,"23":0,"24":0,"25":0,"26":1},"f":{"0":0,"1":0,"2":0,"3":0,"4":0,"5":0,"6":0,"7":0,"8":0,"9":0,"10":0,"11":0,"12":0,"13":0,"14":0},"b":{},"inputSourceMap":null,"_coverageSchema":"1a1c01bbd47fc00a2c39e90264f33305004495a9","hash":"ff4ff915eba42c7a829790bcd716f66c8755074d"}
,"D:\\my-brand\\backend\\controllers\\apis\\contactController.js": {"path":"D:\\my-brand\\backend\\controllers\\apis\\contactController.js","statementMap":{"0":{"start":{"line":1,"column":14},"end":{"line":1,"column":45}},"1":{"start":{"line":3,"column":22},"end":{"line":10,"column":1}},"2":{"start":{"line":4,"column":3},"end":{"line":9,"column":7}},"3":{"start":{"line":5,"column":9},"end":{"line":6,"column":66}},"4":{"start":{"line":8,"column":8},"end":{"line":8,"column":87}},"5":{"start":{"line":12,"column":23},"end":{"line":23,"column":1}},"6":{"start":{"line":13,"column":20},"end":{"line":13,"column":28}},"7":{"start":{"line":15,"column":20},"end":{"line":15,"column":44}},"8":{"start":{"line":16,"column":6},"end":{"line":21,"column":7}},"9":{"start":{"line":17,"column":10},"end":{"line":18,"column":70}},"10":{"start":{"line":20,"column":8},"end":{"line":20,"column":92}},"11":{"start":{"line":25,"column":21},"end":{"line":33,"column":1}},"12":{"start":{"line":26,"column":13},"end":{"line":26,"column":26}},"13":{"start":{"line":27,"column":4},"end":{"line":32,"column":7}},"14":{"start":{"line":28,"column":9},"end":{"line":29,"column":72}},"15":{"start":{"line":31,"column":8},"end":{"line":31,"column":87}},"16":{"start":{"line":36,"column":23},"end":{"line":44,"column":1}},"17":{"start":{"line":37,"column":13},"end":{"line":37,"column":26}},"18":{"start":{"line":38,"column":4},"end":{"line":43,"column":7}},"19":{"start":{"line":39,"column":9},"end":{"line":40,"column":65}},"20":{"start":{"line":42,"column":8},"end":{"line":42,"column":88}},"21":{"start":{"line":46,"column":0},"end":{"line":46,"column":75}}},"fnMap":{"0":{"name":"(anonymous_0)","decl":{"start":{"line":3,"column":22},"end":{"line":3,"column":23}},"loc":{"start":{"line":3,"column":41},"end":{"line":10,"column":1}},"line":3},"1":{"name":"(anonymous_1)","decl":{"start":{"line":4,"column":29},"end":{"line":4,"column":30}},"loc":{"start":{"line":4,"column":40},"end":{"line":7,"column":5}},"line":4},"2":{"name":"(anonymous_2)","decl":{"start":{"line":7,"column":13},"end":{"line":7,"column":14}},"loc":{"start":{"line":7,"column":22},"end":{"line":9,"column":5}},"line":7},"3":{"name":"(anonymous_3)","decl":{"start":{"line":12,"column":23},"end":{"line":12,"column":24}},"loc":{"start":{"line":12,"column":42},"end":{"line":23,"column":1}},"line":12},"4":{"name":"(anonymous_4)","decl":{"start":{"line":16,"column":27},"end":{"line":16,"column":28}},"loc":{"start":{"line":16,"column":37},"end":{"line":19,"column":5}},"line":16},"5":{"name":"(anonymous_5)","decl":{"start":{"line":19,"column":13},"end":{"line":19,"column":14}},"loc":{"start":{"line":19,"column":22},"end":{"line":21,"column":5}},"line":19},"6":{"name":"(anonymous_6)","decl":{"start":{"line":25,"column":21},"end":{"line":25,"column":22}},"loc":{"start":{"line":25,"column":40},"end":{"line":33,"column":1}},"line":25},"7":{"name":"(anonymous_7)","decl":{"start":{"line":27,"column":36},"end":{"line":27,"column":37}},"loc":{"start":{"line":27,"column":47},"end":{"line":30,"column":5}},"line":27},"8":{"name":"(anonymous_8)","decl":{"start":{"line":30,"column":13},"end":{"line":30,"column":14}},"loc":{"start":{"line":30,"column":22},"end":{"line":32,"column":5}},"line":30},"9":{"name":"(anonymous_9)","decl":{"start":{"line":36,"column":23},"end":{"line":36,"column":24}},"loc":{"start":{"line":36,"column":41},"end":{"line":44,"column":1}},"line":36},"10":{"name":"(anonymous_10)","decl":{"start":{"line":38,"column":45},"end":{"line":38,"column":46}},"loc":{"start":{"line":38,"column":56},"end":{"line":41,"column":5}},"line":38},"11":{"name":"(anonymous_11)","decl":{"start":{"line":41,"column":13},"end":{"line":41,"column":14}},"loc":{"start":{"line":41,"column":22},"end":{"line":43,"column":5}},"line":41}},"branchMap":{},"s":{"0":1,"1":1,"2":0,"3":0,"4":0,"5":1,"6":1,"7":1,"8":1,"9":0,"10":1,"11":1,"12":0,"13":0,"14":0,"15":0,"16":1,"17":0,"18":0,"19":0,"20":0,"21":1},"f":{"0":0,"1":0,"2":0,"3":1,"4":0,"5":1,"6":0,"7":0,"8":0,"9":0,"10":0,"11":0},"b":{},"inputSourceMap":null,"_coverageSchema":"1a1c01bbd47fc00a2c39e90264f33305004495a9","hash":"919105e65caa4174b96caacc02304762aaec65fe"}
,"D:\\my-brand\\backend\\controllers\\apis\\likesController.js": {"path":"D:\\my-brand\\backend\\controllers\\apis\\likesController.js","statementMap":{"0":{"start":{"line":1,"column":11},"end":{"line":1,"column":40}},"1":{"start":{"line":3,"column":23},"end":{"line":11,"column":1}},"2":{"start":{"line":4,"column":5},"end":{"line":10,"column":7}},"3":{"start":{"line":5,"column":8},"end":{"line":5,"column":28}},"4":{"start":{"line":6,"column":8},"end":{"line":7,"column":75}},"5":{"start":{"line":9,"column":8},"end":{"line":9,"column":83}},"6":{"start":{"line":13,"column":24},"end":{"line":21,"column":1}},"7":{"start":{"line":14,"column":13},"end":{"line":14,"column":26}},"8":{"start":{"line":15,"column":5},"end":{"line":20,"column":7}},"9":{"start":{"line":16,"column":8},"end":{"line":17,"column":72}},"10":{"start":{"line":19,"column":8},"end":{"line":19,"column":79}},"11":{"start":{"line":23,"column":20},"end":{"line":31,"column":1}},"12":{"start":{"line":24,"column":18},"end":{"line":24,"column":36}},"13":{"start":{"line":25,"column":4},"end":{"line":30,"column":7}},"14":{"start":{"line":26,"column":8},"end":{"line":27,"column":59}},"15":{"start":{"line":29,"column":8},"end":{"line":29,"column":77}},"16":{"start":{"line":33,"column":20},"end":{"line":52,"column":1}},"17":{"start":{"line":34,"column":14},"end":{"line":34,"column":27}},"18":{"start":{"line":35,"column":25},"end":{"line":35,"column":42}},"19":{"start":{"line":36,"column":4},"end":{"line":44,"column":5}},"20":{"start":{"line":37,"column":7},"end":{"line":43,"column":8}},"21":{"start":{"line":38,"column":7},"end":{"line":38,"column":39}},"22":{"start":{"line":39,"column":8},"end":{"line":39,"column":36}},"23":{"start":{"line":41,"column":10},"end":{"line":41,"column":41}},"24":{"start":{"line":42,"column":10},"end":{"line":42,"column":38}},"25":{"start":{"line":46,"column":4},"end":{"line":51,"column":7}},"26":{"start":{"line":47,"column":9},"end":{"line":48,"column":61}},"27":{"start":{"line":50,"column":8},"end":{"line":50,"column":79}},"28":{"start":{"line":54,"column":0},"end":{"line":54,"column":71}}},"fnMap":{"0":{"name":"(anonymous_0)","decl":{"start":{"line":3,"column":23},"end":{"line":3,"column":24}},"loc":{"start":{"line":3,"column":42},"end":{"line":11,"column":1}},"line":3},"1":{"name":"(anonymous_1)","decl":{"start":{"line":4,"column":28},"end":{"line":4,"column":29}},"loc":{"start":{"line":4,"column":40},"end":{"line":8,"column":5}},"line":4},"2":{"name":"(anonymous_2)","decl":{"start":{"line":8,"column":13},"end":{"line":8,"column":14}},"loc":{"start":{"line":8,"column":22},"end":{"line":10,"column":5}},"line":8},"3":{"name":"(anonymous_3)","decl":{"start":{"line":13,"column":24},"end":{"line":13,"column":25}},"loc":{"start":{"line":13,"column":43},"end":{"line":21,"column":1}},"line":13},"4":{"name":"(anonymous_4)","decl":{"start":{"line":15,"column":55},"end":{"line":15,"column":56}},"loc":{"start":{"line":15,"column":67},"end":{"line":18,"column":5}},"line":15},"5":{"name":"(anonymous_5)","decl":{"start":{"line":18,"column":13},"end":{"line":18,"column":14}},"loc":{"start":{"line":18,"column":22},"end":{"line":20,"column":5}},"line":18},"6":{"name":"(anonymous_6)","decl":{"start":{"line":23,"column":20},"end":{"line":23,"column":21}},"loc":{"start":{"line":23,"column":39},"end":{"line":31,"column":1}},"line":23},"7":{"name":"(anonymous_7)","decl":{"start":{"line":25,"column":28},"end":{"line":25,"column":29}},"loc":{"start":{"line":25,"column":40},"end":{"line":28,"column":5}},"line":25},"8":{"name":"(anonymous_8)","decl":{"start":{"line":28,"column":13},"end":{"line":28,"column":14}},"loc":{"start":{"line":28,"column":22},"end":{"line":30,"column":5}},"line":28},"9":{"name":"(anonymous_9)","decl":{"start":{"line":33,"column":20},"end":{"line":33,"column":21}},"loc":{"start":{"line":33,"column":34},"end":{"line":52,"column":1}},"line":33},"10":{"name":"(anonymous_10)","decl":{"start":{"line":46,"column":52},"end":{"line":46,"column":53}},"loc":{"start":{"line":46,"column":64},"end":{"line":49,"column":5}},"line":46},"11":{"name":"(anonymous_11)","decl":{"start":{"line":49,"column":13},"end":{"line":49,"column":14}},"loc":{"start":{"line":49,"column":22},"end":{"line":51,"column":5}},"line":49}},"branchMap":{"0":{"loc":{"start":{"line":36,"column":4},"end":{"line":44,"column":5}},"type":"if","locations":[{"start":{"line":36,"column":4},"end":{"line":44,"column":5}},{"start":{},"end":{}}],"line":36},"1":{"loc":{"start":{"line":37,"column":7},"end":{"line":43,"column":8}},"type":"if","locations":[{"start":{"line":37,"column":7},"end":{"line":43,"column":8}},{"start":{"line":40,"column":12},"end":{"line":43,"column":8}}],"line":37}},"s":{"0":1,"1":1,"2":0,"3":0,"4":0,"5":0,"6":1,"7":0,"8":0,"9":0,"10":0,"11":1,"12":0,"13":0,"14":0,"15":0,"16":1,"17":0,"18":0,"19":0,"20":0,"21":0,"22":0,"23":0,"24":0,"25":0,"26":0,"27":0,"28":1},"f":{"0":0,"1":0,"2":0,"3":0,"4":0,"5":0,"6":0,"7":0,"8":0,"9":0,"10":0,"11":0},"b":{"0":[0,0],"1":[0,0]},"inputSourceMap":null,"_coverageSchema":"1a1c01bbd47fc00a2c39e90264f33305004495a9","hash":"780db28e11bb53c4723e474304ae52c101435771"}
,"D:\\my-brand\\backend\\controllers\\apis\\portfoliosController.js": {"path":"D:\\my-brand\\backend\\controllers\\apis\\portfoliosController.js","statementMap":{"0":{"start":{"line":1,"column":18},"end":{"line":1,"column":52}},"1":{"start":{"line":3,"column":25},"end":{"line":10,"column":1}},"2":{"start":{"line":4,"column":6},"end":{"line":9,"column":7}},"3":{"start":{"line":5,"column":8},"end":{"line":6,"column":67}},"4":{"start":{"line":8,"column":8},"end":{"line":8,"column":84}},"5":{"start":{"line":12,"column":25},"end":{"line":20,"column":1}},"6":{"start":{"line":13,"column":13},"end":{"line":13,"column":26}},"7":{"start":{"line":14,"column":6},"end":{"line":19,"column":7}},"8":{"start":{"line":15,"column":7},"end":{"line":16,"column":73}},"9":{"start":{"line":18,"column":8},"end":{"line":18,"column":83}},"10":{"start":{"line":23,"column":26},"end":{"line":34,"column":5}},"11":{"start":{"line":25,"column":23},"end":{"line":25,"column":31}},"12":{"start":{"line":27,"column":35},"end":{"line":27,"column":65}},"13":{"start":{"line":28,"column":8},"end":{"line":33,"column":11}},"14":{"start":{"line":29,"column":12},"end":{"line":30,"column":65}},"15":{"start":{"line":32,"column":12},"end":{"line":32,"column":99}},"16":{"start":{"line":36,"column":26},"end":{"line":45,"column":1}},"17":{"start":{"line":37,"column":14},"end":{"line":37,"column":27}},"18":{"start":{"line":38,"column":33},"end":{"line":38,"column":41}},"19":{"start":{"line":39,"column":8},"end":{"line":44,"column":7}},"20":{"start":{"line":40,"column":12},"end":{"line":41,"column":67}},"21":{"start":{"line":43,"column":12},"end":{"line":43,"column":101}},"22":{"start":{"line":46,"column":30},"end":{"line":53,"column":5}},"23":{"start":{"line":47,"column":17},"end":{"line":47,"column":30}},"24":{"start":{"line":48,"column":8},"end":{"line":52,"column":11}},"25":{"start":{"line":49,"column":12},"end":{"line":49,"column":75}},"26":{"start":{"line":51,"column":12},"end":{"line":51,"column":101}},"27":{"start":{"line":55,"column":0},"end":{"line":55,"column":105}}},"fnMap":{"0":{"name":"(anonymous_0)","decl":{"start":{"line":3,"column":25},"end":{"line":3,"column":26}},"loc":{"start":{"line":3,"column":38},"end":{"line":10,"column":1}},"line":3},"1":{"name":"(anonymous_1)","decl":{"start":{"line":4,"column":29},"end":{"line":4,"column":30}},"loc":{"start":{"line":4,"column":41},"end":{"line":7,"column":5}},"line":4},"2":{"name":"(anonymous_2)","decl":{"start":{"line":7,"column":13},"end":{"line":7,"column":14}},"loc":{"start":{"line":7,"column":22},"end":{"line":9,"column":5}},"line":7},"3":{"name":"(anonymous_3)","decl":{"start":{"line":12,"column":25},"end":{"line":12,"column":26}},"loc":{"start":{"line":12,"column":44},"end":{"line":20,"column":1}},"line":12},"4":{"name":"(anonymous_4)","decl":{"start":{"line":14,"column":41},"end":{"line":14,"column":42}},"loc":{"start":{"line":14,"column":53},"end":{"line":17,"column":5}},"line":14},"5":{"name":"(anonymous_5)","decl":{"start":{"line":17,"column":13},"end":{"line":17,"column":14}},"loc":{"start":{"line":17,"column":22},"end":{"line":19,"column":5}},"line":17},"6":{"name":"(anonymous_6)","decl":{"start":{"line":23,"column":26},"end":{"line":23,"column":27}},"loc":{"start":{"line":23,"column":46},"end":{"line":34,"column":5}},"line":23},"7":{"name":"(anonymous_7)","decl":{"start":{"line":28,"column":40},"end":{"line":28,"column":41}},"loc":{"start":{"line":28,"column":50},"end":{"line":31,"column":9}},"line":28},"8":{"name":"(anonymous_8)","decl":{"start":{"line":31,"column":17},"end":{"line":31,"column":18}},"loc":{"start":{"line":31,"column":26},"end":{"line":33,"column":9}},"line":31},"9":{"name":"(anonymous_9)","decl":{"start":{"line":36,"column":26},"end":{"line":36,"column":27}},"loc":{"start":{"line":36,"column":42},"end":{"line":45,"column":1}},"line":36},"10":{"name":"(anonymous_10)","decl":{"start":{"line":39,"column":65},"end":{"line":39,"column":66}},"loc":{"start":{"line":39,"column":77},"end":{"line":42,"column":9}},"line":39},"11":{"name":"(anonymous_11)","decl":{"start":{"line":42,"column":17},"end":{"line":42,"column":18}},"loc":{"start":{"line":42,"column":26},"end":{"line":44,"column":5}},"line":42},"12":{"name":"(anonymous_12)","decl":{"start":{"line":46,"column":30},"end":{"line":46,"column":31}},"loc":{"start":{"line":46,"column":46},"end":{"line":53,"column":5}},"line":46},"13":{"name":"(anonymous_13)","decl":{"start":{"line":48,"column":46},"end":{"line":48,"column":47}},"loc":{"start":{"line":48,"column":58},"end":{"line":50,"column":9}},"line":48},"14":{"name":"(anonymous_14)","decl":{"start":{"line":50,"column":17},"end":{"line":50,"column":18}},"loc":{"start":{"line":50,"column":24},"end":{"line":52,"column":9}},"line":50}},"branchMap":{},"s":{"0":1,"1":1,"2":0,"3":0,"4":0,"5":1,"6":0,"7":0,"8":0,"9":0,"10":1,"11":0,"12":0,"13":0,"14":0,"15":0,"16":1,"17":0,"18":0,"19":0,"20":0,"21":0,"22":1,"23":0,"24":0,"25":0,"26":0,"27":1},"f":{"0":0,"1":0,"2":0,"3":0,"4":0,"5":0,"6":0,"7":0,"8":0,"9":0,"10":0,"11":0,"12":0,"13":0,"14":0},"b":{},"inputSourceMap":null,"_coverageSchema":"1a1c01bbd47fc00a2c39e90264f33305004495a9","hash":"c28c1cb79f6afe88b1c0791127c8000715036153"}
,"D:\\my-brand\\backend\\controllers\\apis\\postsController.js": {"path":"D:\\my-brand\\backend\\controllers\\apis\\postsController.js","statementMap":{"0":{"start":{"line":1,"column":11},"end":{"line":1,"column":40}},"1":{"start":{"line":3,"column":19},"end":{"line":10,"column":1}},"2":{"start":{"line":4,"column":6},"end":{"line":9,"column":7}},"3":{"start":{"line":5,"column":8},"end":{"line":6,"column":62}},"4":{"start":{"line":8,"column":8},"end":{"line":8,"column":92}},"5":{"start":{"line":12,"column":19},"end":{"line":21,"column":1}},"6":{"start":{"line":13,"column":13},"end":{"line":13,"column":26}},"7":{"start":{"line":14,"column":6},"end":{"line":20,"column":7}},"8":{"start":{"line":15,"column":4},"end":{"line":15,"column":81}},"9":{"start":{"line":15,"column":16},"end":{"line":15,"column":81}},"10":{"start":{"line":16,"column":7},"end":{"line":17,"column":68}},"11":{"start":{"line":19,"column":8},"end":{"line":19,"column":91}},"12":{"start":{"line":23,"column":20},"end":{"line":34,"column":1}},"13":{"start":{"line":25,"column":16},"end":{"line":25,"column":24}},"14":{"start":{"line":27,"column":17},"end":{"line":27,"column":35}},"15":{"start":{"line":28,"column":6},"end":{"line":33,"column":7}},"16":{"start":{"line":29,"column":10},"end":{"line":30,"column":59}},"17":{"start":{"line":32,"column":8},"end":{"line":32,"column":90}},"18":{"start":{"line":37,"column":20},"end":{"line":46,"column":1}},"19":{"start":{"line":38,"column":14},"end":{"line":38,"column":27}},"20":{"start":{"line":39,"column":22},"end":{"line":39,"column":30}},"21":{"start":{"line":40,"column":4},"end":{"line":45,"column":7}},"22":{"start":{"line":41,"column":9},"end":{"line":42,"column":61}},"23":{"start":{"line":44,"column":8},"end":{"line":44,"column":92}},"24":{"start":{"line":49,"column":20},"end":{"line":57,"column":1}},"25":{"start":{"line":50,"column":14},"end":{"line":50,"column":27}},"26":{"start":{"line":51,"column":7},"end":{"line":56,"column":8}},"27":{"start":{"line":52,"column":9},"end":{"line":53,"column":61}},"28":{"start":{"line":55,"column":8},"end":{"line":55,"column":82}},"29":{"start":{"line":59,"column":0},"end":{"line":61,"column":1}}},"fnMap":{"0":{"name":"(anonymous_0)","decl":{"start":{"line":3,"column":19},"end":{"line":3,"column":20}},"loc":{"start":{"line":3,"column":32},"end":{"line":10,"column":1}},"line":3},"1":{"name":"(anonymous_1)","decl":{"start":{"line":4,"column":23},"end":{"line":4,"column":24}},"loc":{"start":{"line":4,"column":35},"end":{"line":7,"column":5}},"line":4},"2":{"name":"(anonymous_2)","decl":{"start":{"line":7,"column":13},"end":{"line":7,"column":14}},"loc":{"start":{"line":7,"column":22},"end":{"line":9,"column":5}},"line":7},"3":{"name":"(anonymous_3)","decl":{"start":{"line":12,"column":19},"end":{"line":12,"column":20}},"loc":{"start":{"line":12,"column":38},"end":{"line":21,"column":1}},"line":12},"4":{"name":"(anonymous_4)","decl":{"start":{"line":14,"column":35},"end":{"line":14,"column":36}},"loc":{"start":{"line":14,"column":47},"end":{"line":18,"column":5}},"line":14},"5":{"name":"(anonymous_5)","decl":{"start":{"line":18,"column":13},"end":{"line":18,"column":14}},"loc":{"start":{"line":18,"column":22},"end":{"line":20,"column":5}},"line":18},"6":{"name":"(anonymous_6)","decl":{"start":{"line":23,"column":20},"end":{"line":23,"column":21}},"loc":{"start":{"line":23,"column":34},"end":{"line":34,"column":1}},"line":23},"7":{"name":"(anonymous_7)","decl":{"start":{"line":28,"column":24},"end":{"line":28,"column":25}},"loc":{"start":{"line":28,"column":34},"end":{"line":31,"column":5}},"line":28},"8":{"name":"(anonymous_8)","decl":{"start":{"line":31,"column":13},"end":{"line":31,"column":14}},"loc":{"start":{"line":31,"column":22},"end":{"line":33,"column":5}},"line":31},"9":{"name":"(anonymous_9)","decl":{"start":{"line":37,"column":20},"end":{"line":37,"column":21}},"loc":{"start":{"line":37,"column":34},"end":{"line":46,"column":1}},"line":37},"10":{"name":"(anonymous_10)","decl":{"start":{"line":40,"column":48},"end":{"line":40,"column":49}},"loc":{"start":{"line":40,"column":60},"end":{"line":43,"column":5}},"line":40},"11":{"name":"(anonymous_11)","decl":{"start":{"line":43,"column":13},"end":{"line":43,"column":14}},"loc":{"start":{"line":43,"column":22},"end":{"line":45,"column":5}},"line":43},"12":{"name":"(anonymous_12)","decl":{"start":{"line":49,"column":20},"end":{"line":49,"column":21}},"loc":{"start":{"line":49,"column":32},"end":{"line":57,"column":1}},"line":49},"13":{"name":"(anonymous_13)","decl":{"start":{"line":51,"column":39},"end":{"line":51,"column":40}},"loc":{"start":{"line":51,"column":51},"end":{"line":54,"column":6}},"line":51},"14":{"name":"(anonymous_14)","decl":{"start":{"line":54,"column":14},"end":{"line":54,"column":15}},"loc":{"start":{"line":54,"column":21},"end":{"line":56,"column":6}},"line":54}},"branchMap":{"0":{"loc":{"start":{"line":15,"column":4},"end":{"line":15,"column":81}},"type":"if","locations":[{"start":{"line":15,"column":4},"end":{"line":15,"column":81}},{"start":{},"end":{}}],"line":15}},"s":{"0":1,"1":1,"2":1,"3":0,"4":0,"5":1,"6":0,"7":0,"8":0,"9":0,"10":0,"11":0,"12":1,"13":0,"14":0,"15":0,"16":0,"17":0,"18":1,"19":0,"20":0,"21":0,"22":0,"23":0,"24":1,"25":0,"26":0,"27":0,"28":0,"29":1},"f":{"0":1,"1":0,"2":0,"3":0,"4":0,"5":0,"6":0,"7":0,"8":0,"9":0,"10":0,"11":0,"12":0,"13":0,"14":0},"b":{"0":[0,0]},"inputSourceMap":null,"_coverageSchema":"1a1c01bbd47fc00a2c39e90264f33305004495a9","hash":"be46cae95f14f87fe83bea394b2d7a2e9dafd15b"}
,"D:\\my-brand\\backend\\controllers\\apis\\usersController.js": {"path":"D:\\my-brand\\backend\\controllers\\apis\\usersController.js","statementMap":{"0":{"start":{"line":1,"column":11},"end":{"line":1,"column":40}},"1":{"start":{"line":2,"column":15},"end":{"line":2,"column":32}},"2":{"start":{"line":3,"column":19},"end":{"line":3,"column":55}},"3":{"start":{"line":4,"column":13},"end":{"line":4,"column":26}},"4":{"start":{"line":7,"column":18},"end":{"line":14,"column":1}},"5":{"start":{"line":8,"column":4},"end":{"line":13,"column":7}},"6":{"start":{"line":9,"column":9},"end":{"line":10,"column":64}},"7":{"start":{"line":12,"column":8},"end":{"line":12,"column":77}},"8":{"start":{"line":17,"column":19},"end":{"line":55,"column":1}},"9":{"start":{"line":18,"column":4},"end":{"line":53,"column":5}},"10":{"start":{"line":19,"column":28},"end":{"line":50,"column":10}},"11":{"start":{"line":20,"column":23},"end":{"line":20,"column":24}},"12":{"start":{"line":22,"column":12},"end":{"line":31,"column":13}},"13":{"start":{"line":23,"column":16},"end":{"line":23,"column":23}},"14":{"start":{"line":26,"column":17},"end":{"line":30,"column":18}},"15":{"start":{"line":27,"column":20},"end":{"line":27,"column":28}},"16":{"start":{"line":29,"column":20},"end":{"line":29,"column":28}},"17":{"start":{"line":33,"column":14},"end":{"line":47,"column":15}},"18":{"start":{"line":34,"column":33},"end":{"line":34,"column":41}},"19":{"start":{"line":35,"column":35},"end":{"line":35,"column":53}},"20":{"start":{"line":36,"column":20},"end":{"line":43,"column":23}},"21":{"start":{"line":37,"column":38},"end":{"line":37,"column":62}},"22":{"start":{"line":38,"column":24},"end":{"line":38,"column":88}},"23":{"start":{"line":39,"column":24},"end":{"line":40,"column":79}},"24":{"start":{"line":42,"column":24},"end":{"line":42,"column":101}},"25":{"start":{"line":46,"column":20},"end":{"line":46,"column":114}},"26":{"start":{"line":49,"column":12},"end":{"line":49,"column":87}},"27":{"start":{"line":52,"column":9},"end":{"line":52,"column":95}},"28":{"start":{"line":58,"column":18},"end":{"line":66,"column":1}},"29":{"start":{"line":59,"column":13},"end":{"line":59,"column":26}},"30":{"start":{"line":60,"column":7},"end":{"line":65,"column":7}},"31":{"start":{"line":61,"column":9},"end":{"line":62,"column":66}},"32":{"start":{"line":64,"column":8},"end":{"line":64,"column":89}},"33":{"start":{"line":69,"column":20},"end":{"line":78,"column":1}},"34":{"start":{"line":70,"column":13},"end":{"line":70,"column":26}},"35":{"start":{"line":71,"column":24},"end":{"line":71,"column":66}},"36":{"start":{"line":72,"column":7},"end":{"line":77,"column":7}},"37":{"start":{"line":73,"column":9},"end":{"line":74,"column":59}},"38":{"start":{"line":76,"column":8},"end":{"line":76,"column":78}},"39":{"start":{"line":80,"column":19},"end":{"line":89,"column":1}},"40":{"start":{"line":81,"column":13},"end":{"line":81,"column":26}},"41":{"start":{"line":82,"column":7},"end":{"line":88,"column":7}},"42":{"start":{"line":83,"column":9},"end":{"line":84,"column":59}},"43":{"start":{"line":87,"column":8},"end":{"line":87,"column":82}},"44":{"start":{"line":93,"column":0},"end":{"line":93,"column":73}}},"fnMap":{"0":{"name":"(anonymous_0)","decl":{"start":{"line":7,"column":18},"end":{"line":7,"column":19}},"loc":{"start":{"line":7,"column":38},"end":{"line":14,"column":1}},"line":7},"1":{"name":"(anonymous_1)","decl":{"start":{"line":8,"column":27},"end":{"line":8,"column":28}},"loc":{"start":{"line":8,"column":37},"end":{"line":11,"column":5}},"line":8},"2":{"name":"(anonymous_2)","decl":{"start":{"line":11,"column":13},"end":{"line":11,"column":14}},"loc":{"start":{"line":11,"column":22},"end":{"line":13,"column":5}},"line":11},"3":{"name":"(anonymous_3)","decl":{"start":{"line":17,"column":19},"end":{"line":17,"column":20}},"loc":{"start":{"line":17,"column":39},"end":{"line":55,"column":1}},"line":17},"4":{"name":"(anonymous_4)","decl":{"start":{"line":19,"column":73},"end":{"line":19,"column":74}},"loc":{"start":{"line":19,"column":85},"end":{"line":48,"column":9}},"line":19},"5":{"name":"(anonymous_5)","decl":{"start":{"line":36,"column":40},"end":{"line":36,"column":41}},"loc":{"start":{"line":36,"column":50},"end":{"line":41,"column":21}},"line":36},"6":{"name":"(anonymous_6)","decl":{"start":{"line":41,"column":29},"end":{"line":41,"column":30}},"loc":{"start":{"line":41,"column":38},"end":{"line":43,"column":21}},"line":41},"7":{"name":"(anonymous_7)","decl":{"start":{"line":48,"column":17},"end":{"line":48,"column":18}},"loc":{"start":{"line":48,"column":26},"end":{"line":50,"column":9}},"line":48},"8":{"name":"(anonymous_8)","decl":{"start":{"line":58,"column":18},"end":{"line":58,"column":19}},"loc":{"start":{"line":58,"column":38},"end":{"line":66,"column":1}},"line":58},"9":{"name":"(anonymous_9)","decl":{"start":{"line":60,"column":36},"end":{"line":60,"column":37}},"loc":{"start":{"line":60,"column":46},"end":{"line":63,"column":5}},"line":60},"10":{"name":"(anonymous_10)","decl":{"start":{"line":63,"column":13},"end":{"line":63,"column":14}},"loc":{"start":{"line":63,"column":22},"end":{"line":65,"column":5}},"line":63},"11":{"name":"(anonymous_11)","decl":{"start":{"line":69,"column":20},"end":{"line":69,"column":21}},"loc":{"start":{"line":69,"column":40},"end":{"line":78,"column":1}},"line":69},"12":{"name":"(anonymous_12)","decl":{"start":{"line":72,"column":59},"end":{"line":72,"column":60}},"loc":{"start":{"line":72,"column":69},"end":{"line":75,"column":5}},"line":72},"13":{"name":"(anonymous_13)","decl":{"start":{"line":75,"column":13},"end":{"line":75,"column":14}},"loc":{"start":{"line":75,"column":22},"end":{"line":77,"column":5}},"line":75},"14":{"name":"(anonymous_14)","decl":{"start":{"line":80,"column":19},"end":{"line":80,"column":20}},"loc":{"start":{"line":80,"column":39},"end":{"line":89,"column":1}},"line":80},"15":{"name":"(anonymous_15)","decl":{"start":{"line":82,"column":45},"end":{"line":82,"column":46}},"loc":{"start":{"line":82,"column":55},"end":{"line":85,"column":5}},"line":82},"16":{"name":"(anonymous_16)","decl":{"start":{"line":85,"column":13},"end":{"line":85,"column":14}},"loc":{"start":{"line":85,"column":22},"end":{"line":88,"column":5}},"line":85}},"branchMap":{"0":{"loc":{"start":{"line":18,"column":4},"end":{"line":53,"column":5}},"type":"if","locations":[{"start":{"line":18,"column":4},"end":{"line":53,"column":5}},{"start":{"line":51,"column":9},"end":{"line":53,"column":5}}],"line":18},"1":{"loc":{"start":{"line":22,"column":12},"end":{"line":31,"column":13}},"type":"if","locations":[{"start":{"line":22,"column":12},"end":{"line":31,"column":13}},{"start":{"line":24,"column":17},"end":{"line":31,"column":13}}],"line":22},"2":{"loc":{"start":{"line":26,"column":17},"end":{"line":30,"column":18}},"type":"if","locations":[{"start":{"line":26,"column":17},"end":{"line":30,"column":18}},{"start":{"line":28,"column":22},"end":{"line":30,"column":18}}],"line":26},"3":{"loc":{"start":{"line":33,"column":14},"end":{"line":47,"column":15}},"type":"if","locations":[{"start":{"line":33,"column":14},"end":{"line":47,"column":15}},{"start":{"line":45,"column":20},"end":{"line":47,"column":15}}],"line":33}},"s":{"0":1,"1":1,"2":1,"3":1,"4":1,"5":0,"6":0,"7":0,"8":1,"9":3,"10":2,"11":0,"12":0,"13":0,"14":0,"15":0,"16":0,"17":0,"18":0,"19":0,"20":0,"21":0,"22":0,"23":0,"24":0,"25":0,"26":0,"27":1,"28":1,"29":0,"30":0,"31":0,"32":0,"33":1,"34":0,"35":0,"36":0,"37":0,"38":0,"39":1,"40":0,"41":0,"42":0,"43":0,"44":1},"f":{"0":0,"1":0,"2":0,"3":3,"4":0,"5":0,"6":0,"7":0,"8":0,"9":0,"10":0,"11":0,"12":0,"13":0,"14":0,"15":0,"16":0},"b":{"0":[2,1],"1":[0,0],"2":[0,0],"3":[0,0]},"inputSourceMap":null,"_coverageSchema":"1a1c01bbd47fc00a2c39e90264f33305004495a9","hash":"e1aa47dc576bf6b5cd8a68999ad0c404264f05f8"}
,"D:\\my-brand\\backend\\handler\\authHandler.js": {"path":"D:\\my-brand\\backend\\handler\\authHandler.js","statementMap":{"0":{"start":{"line":1,"column":11},"end":{"line":1,"column":34}},"1":{"start":{"line":2,"column":0},"end":{"line":2,"column":27}},"2":{"start":{"line":3,"column":13},"end":{"line":3,"column":26}},"3":{"start":{"line":5,"column":19},"end":{"line":9,"column":1}},"4":{"start":{"line":6,"column":4},"end":{"line":8,"column":7}},"5":{"start":{"line":10,"column":0},"end":{"line":10,"column":29}}},"fnMap":{"0":{"name":"(anonymous_0)","decl":{"start":{"line":5,"column":19},"end":{"line":5,"column":20}},"loc":{"start":{"line":5,"column":26},"end":{"line":9,"column":1}},"line":5}},"branchMap":{},"s":{"0":1,"1":1,"2":1,"3":1,"4":0,"5":1},"f":{"0":0},"b":{},"inputSourceMap":null,"_coverageSchema":"1a1c01bbd47fc00a2c39e90264f33305004495a9","hash":"b272796be23e2a3e5e9bfa18aba68353ec14ff72"}
,"D:\\my-brand\\backend\\middleware\\authMiddleware.js": {"path":"D:\\my-brand\\backend\\middleware\\authMiddleware.js","statementMap":{"0":{"start":{"line":1,"column":11},"end":{"line":1,"column":34}},"1":{"start":{"line":2,"column":11},"end":{"line":2,"column":37}},"2":{"start":{"line":3,"column":0},"end":{"line":3,"column":27}},"3":{"start":{"line":6,"column":28},"end":{"line":21,"column":1}},"4":{"start":{"line":7,"column":21},"end":{"line":7,"column":49}},"5":{"start":{"line":8,"column":4},"end":{"line":8,"column":98}},"6":{"start":{"line":8,"column":21},"end":{"line":8,"column":98}},"7":{"start":{"line":9,"column":18},"end":{"line":9,"column":42}},"8":{"start":{"line":10,"column":4},"end":{"line":19,"column":10}},"9":{"start":{"line":14,"column":8},"end":{"line":14,"column":99}},"10":{"start":{"line":14,"column":19},"end":{"line":14,"column":99}},"11":{"start":{"line":15,"column":8},"end":{"line":15,"column":33}},"12":{"start":{"line":16,"column":8},"end":{"line":16,"column":15}},"13":{"start":{"line":18,"column":8},"end":{"line":18,"column":86}},"14":{"start":{"line":23,"column":20},"end":{"line":46,"column":5}},"15":{"start":{"line":24,"column":21},"end":{"line":24,"column":49}},"16":{"start":{"line":25,"column":4},"end":{"line":25,"column":98}},"17":{"start":{"line":25,"column":21},"end":{"line":25,"column":98}},"18":{"start":{"line":26,"column":22},"end":{"line":26,"column":46}},"19":{"start":{"line":27,"column":7},"end":{"line":44,"column":7}},"20":{"start":{"line":28,"column":8},"end":{"line":41,"column":13}},"21":{"start":{"line":30,"column":12},"end":{"line":40,"column":13}},"22":{"start":{"line":31,"column":16},"end":{"line":31,"column":99}},"23":{"start":{"line":34,"column":16},"end":{"line":39,"column":19}},"24":{"start":{"line":35,"column":16},"end":{"line":35,"column":155}},"25":{"start":{"line":35,"column":41},"end":{"line":35,"column":155}},"26":{"start":{"line":36,"column":16},"end":{"line":36,"column":23}},"27":{"start":{"line":38,"column":19},"end":{"line":38,"column":99}},"28":{"start":{"line":43,"column":8},"end":{"line":43,"column":84}},"29":{"start":{"line":51,"column":0},"end":{"line":51,"column":52}}},"fnMap":{"0":{"name":"(anonymous_0)","decl":{"start":{"line":6,"column":28},"end":{"line":6,"column":29}},"loc":{"start":{"line":6,"column":52},"end":{"line":21,"column":1}},"line":6},"1":{"name":"(anonymous_1)","decl":{"start":{"line":12,"column":16},"end":{"line":12,"column":17}},"loc":{"start":{"line":13,"column":7},"end":{"line":17,"column":8}},"line":13},"2":{"name":"(anonymous_2)","decl":{"start":{"line":17,"column":16},"end":{"line":17,"column":17}},"loc":{"start":{"line":17,"column":23},"end":{"line":19,"column":8}},"line":17},"3":{"name":"(anonymous_3)","decl":{"start":{"line":23,"column":20},"end":{"line":23,"column":21}},"loc":{"start":{"line":23,"column":44},"end":{"line":46,"column":5}},"line":23},"4":{"name":"(anonymous_4)","decl":{"start":{"line":28,"column":49},"end":{"line":28,"column":50}},"loc":{"start":{"line":29,"column":10},"end":{"line":41,"column":11}},"line":29},"5":{"name":"(anonymous_5)","decl":{"start":{"line":34,"column":52},"end":{"line":34,"column":53}},"loc":{"start":{"line":34,"column":62},"end":{"line":37,"column":17}},"line":34},"6":{"name":"(anonymous_6)","decl":{"start":{"line":37,"column":25},"end":{"line":37,"column":26}},"loc":{"start":{"line":37,"column":36},"end":{"line":39,"column":17}},"line":37}},"branchMap":{"0":{"loc":{"start":{"line":8,"column":4},"end":{"line":8,"column":98}},"type":"if","locations":[{"start":{"line":8,"column":4},"end":{"line":8,"column":98}},{"start":{},"end":{}}],"line":8},"1":{"loc":{"start":{"line":14,"column":8},"end":{"line":14,"column":99}},"type":"if","locations":[{"start":{"line":14,"column":8},"end":{"line":14,"column":99}},{"start":{},"end":{}}],"line":14},"2":{"loc":{"start":{"line":25,"column":4},"end":{"line":25,"column":98}},"type":"if","locations":[{"start":{"line":25,"column":4},"end":{"line":25,"column":98}},{"start":{},"end":{}}],"line":25},"3":{"loc":{"start":{"line":30,"column":12},"end":{"line":40,"column":13}},"type":"if","locations":[{"start":{"line":30,"column":12},"end":{"line":40,"column":13}},{"start":{"line":33,"column":17},"end":{"line":40,"column":13}}],"line":30},"4":{"loc":{"start":{"line":35,"column":16},"end":{"line":35,"column":155}},"type":"if","locations":[{"start":{"line":35,"column":16},"end":{"line":35,"column":155}},{"start":{},"end":{}}],"line":35}},"s":{"0":1,"1":1,"2":1,"3":1,"4":3,"5":3,"6":3,"7":0,"8":0,"9":0,"10":0,"11":0,"12":0,"13":0,"14":1,"15":0,"16":0,"17":0,"18":0,"19":0,"20":0,"21":0,"22":0,"23":0,"24":0,"25":0,"26":0,"27":0,"28":0,"29":1},"f":{"0":3,"1":0,"2":0,"3":0,"4":0,"5":0,"6":0},"b":{"0":[3,0],"1":[0,0],"2":[0,0],"3":[0,0],"4":[0,0]},"inputSourceMap":null,"_coverageSchema":"1a1c01bbd47fc00a2c39e90264f33305004495a9","hash":"e6f85690b1f8dc6708f1131410affce0870e1d27"}
,"D:\\my-brand\\backend\\middleware\\errorHandler.js": {"path":"D:\\my-brand\\backend\\middleware\\errorHandler.js","statementMap":{"0":{"start":{"line":1,"column":21},"end":{"line":4,"column":1}},"1":{"start":{"line":2,"column":4},"end":{"line":2,"column":38}},"2":{"start":{"line":3,"column":4},"end":{"line":3,"column":27}},"3":{"start":{"line":6,"column":0},"end":{"line":6,"column":30}}},"fnMap":{"0":{"name":"(anonymous_0)","decl":{"start":{"line":1,"column":21},"end":{"line":1,"column":22}},"loc":{"start":{"line":1,"column":43},"end":{"line":4,"column":1}},"line":1}},"branchMap":{},"s":{"0":1,"1":0,"2":0,"3":1},"f":{"0":0},"b":{},"inputSourceMap":null,"_coverageSchema":"1a1c01bbd47fc00a2c39e90264f33305004495a9","hash":"05f93eb14626c0a3ace6341bdf5c0ee66e7544ff"}
,"D:\\my-brand\\backend\\middleware\\logEvents.js": {"path":"D:\\my-brand\\backend\\middleware\\logEvents.js","statementMap":{"0":{"start":{"line":1,"column":10},"end":{"line":1,"column":23}},"1":{"start":{"line":2,"column":11},"end":{"line":2,"column":26}},"2":{"start":{"line":4,"column":15},"end":{"line":16,"column":1}},"3":{"start":{"line":5,"column":4},"end":{"line":10,"column":5}},"4":{"start":{"line":7,"column":8},"end":{"line":9,"column":11}},"5":{"start":{"line":11,"column":15},"end":{"line":11,"column":86}},"6":{"start":{"line":12,"column":4},"end":{"line":14,"column":7}},"7":{"start":{"line":15,"column":4},"end":{"line":15,"column":11}},"8":{"start":{"line":17,"column":0},"end":{"line":17,"column":33}}},"fnMap":{"0":{"name":"(anonymous_0)","decl":{"start":{"line":4,"column":15},"end":{"line":4,"column":16}},"loc":{"start":{"line":4,"column":33},"end":{"line":16,"column":1}},"line":4},"1":{"name":"(anonymous_1)","decl":{"start":{"line":7,"column":31},"end":{"line":7,"column":32}},"loc":{"start":{"line":7,"column":42},"end":{"line":9,"column":9}},"line":7},"2":{"name":"(anonymous_2)","decl":{"start":{"line":12,"column":42},"end":{"line":12,"column":43}},"loc":{"start":{"line":12,"column":51},"end":{"line":14,"column":5}},"line":12}},"branchMap":{"0":{"loc":{"start":{"line":5,"column":4},"end":{"line":10,"column":5}},"type":"if","locations":[{"start":{"line":5,"column":4},"end":{"line":10,"column":5}},{"start":{},"end":{}}],"line":5}},"s":{"0":1,"1":1,"2":1,"3":10,"4":0,"5":10,"6":10,"7":10,"8":1},"f":{"0":10,"1":0,"2":9},"b":{"0":[0,10]},"inputSourceMap":null,"_coverageSchema":"1a1c01bbd47fc00a2c39e90264f33305004495a9","hash":"143d1f82db86e4b1bd24cc70c214bb5b6ce11ab4"}
,"D:\\my-brand\\backend\\models\\comments.js": {"path":"D:\\my-brand\\backend\\models\\comments.js","statementMap":{"0":{"start":{"line":1,"column":16},"end":{"line":1,"column":35}},"1":{"start":{"line":2,"column":13},"end":{"line":2,"column":28}},"2":{"start":{"line":4,"column":21},"end":{"line":17,"column":20}},"3":{"start":{"line":19,"column":15},"end":{"line":19,"column":54}},"4":{"start":{"line":20,"column":0},"end":{"line":20,"column":25}}},"fnMap":{},"branchMap":{},"s":{"0":1,"1":1,"2":1,"3":1,"4":1},"f":{},"b":{},"inputSourceMap":null,"_coverageSchema":"1a1c01bbd47fc00a2c39e90264f33305004495a9","hash":"ee07932fad6b35629d29c921178ee0f1663685c1"}
,"D:\\my-brand\\backend\\models\\contact.js": {"path":"D:\\my-brand\\backend\\models\\contact.js","statementMap":{"0":{"start":{"line":1,"column":17},"end":{"line":1,"column":36}},"1":{"start":{"line":2,"column":13},"end":{"line":2,"column":28}},"2":{"start":{"line":4,"column":22},"end":{"line":17,"column":20}},"3":{"start":{"line":18,"column":16},"end":{"line":18,"column":56}},"4":{"start":{"line":19,"column":0},"end":{"line":19,"column":25}}},"fnMap":{},"branchMap":{},"s":{"0":1,"1":1,"2":1,"3":1,"4":1},"f":{},"b":{},"inputSourceMap":null,"_coverageSchema":"1a1c01bbd47fc00a2c39e90264f33305004495a9","hash":"6ea991dbcbcad8edb7dbfe94c27ed1c0da0e5e5a"}
,"D:\\my-brand\\backend\\models\\likes.js": {"path":"D:\\my-brand\\backend\\models\\likes.js","statementMap":{"0":{"start":{"line":1,"column":15},"end":{"line":1,"column":34}},"1":{"start":{"line":2,"column":13},"end":{"line":2,"column":28}},"2":{"start":{"line":4,"column":19},"end":{"line":18,"column":20}},"3":{"start":{"line":21,"column":13},"end":{"line":21,"column":47}},"4":{"start":{"line":22,"column":0},"end":{"line":22,"column":23}}},"fnMap":{},"branchMap":{},"s":{"0":1,"1":1,"2":1,"3":1,"4":1},"f":{},"b":{},"inputSourceMap":null,"_coverageSchema":"1a1c01bbd47fc00a2c39e90264f33305004495a9","hash":"7cb143948de29e4b47fa3eebc6bf4ec89b9ac0de"}
,"D:\\my-brand\\backend\\models\\portfolios.js": {"path":"D:\\my-brand\\backend\\models\\portfolios.js","statementMap":{"0":{"start":{"line":1,"column":17},"end":{"line":1,"column":36}},"1":{"start":{"line":2,"column":13},"end":{"line":2,"column":28}},"2":{"start":{"line":4,"column":24},"end":{"line":22,"column":21}},"3":{"start":{"line":24,"column":17},"end":{"line":24,"column":61}},"4":{"start":{"line":25,"column":0},"end":{"line":25,"column":27}}},"fnMap":{},"branchMap":{},"s":{"0":1,"1":1,"2":1,"3":1,"4":1},"f":{},"b":{},"inputSourceMap":null,"_coverageSchema":"1a1c01bbd47fc00a2c39e90264f33305004495a9","hash":"01b771adcd3cd28c892270aff9059f8b248a27b5"}
,"D:\\my-brand\\backend\\models\\posts.js": {"path":"D:\\my-brand\\backend\\models\\posts.js","statementMap":{"0":{"start":{"line":1,"column":17},"end":{"line":1,"column":36}},"1":{"start":{"line":2,"column":13},"end":{"line":2,"column":28}},"2":{"start":{"line":4,"column":19},"end":{"line":26,"column":21}},"3":{"start":{"line":28,"column":11},"end":{"line":28,"column":45}},"4":{"start":{"line":29,"column":0},"end":{"line":29,"column":21}}},"fnMap":{},"branchMap":{},"s":{"0":1,"1":1,"2":1,"3":1,"4":1},"f":{},"b":{},"inputSourceMap":null,"_coverageSchema":"1a1c01bbd47fc00a2c39e90264f33305004495a9","hash":"918364ee0f890419b919253d3be63a284f263a9a"}
,"D:\\my-brand\\backend\\models\\users.js": {"path":"D:\\my-brand\\backend\\models\\users.js","statementMap":{"0":{"start":{"line":1,"column":16},"end":{"line":1,"column":35}},"1":{"start":{"line":2,"column":14},"end":{"line":2,"column":29}},"2":{"start":{"line":3,"column":16},"end":{"line":3,"column":36}},"3":{"start":{"line":4,"column":13},"end":{"line":4,"column":30}},"4":{"start":{"line":5,"column":19},"end":{"line":27,"column":20}},"5":{"start":{"line":29,"column":0},"end":{"line":35,"column":3}},"6":{"start":{"line":30,"column":12},"end":{"line":30,"column":34}},"7":{"start":{"line":33,"column":1},"end":{"line":33,"column":55}},"8":{"start":{"line":34,"column":1},"end":{"line":34,"column":8}},"9":{"start":{"line":37,"column":11},"end":{"line":37,"column":44}},"10":{"start":{"line":38,"column":0},"end":{"line":38,"column":22}}},"fnMap":{"0":{"name":"(anonymous_0)","decl":{"start":{"line":29,"column":23},"end":{"line":29,"column":24}},"loc":{"start":{"line":29,"column":45},"end":{"line":35,"column":1}},"line":29}},"branchMap":{},"s":{"0":1,"1":1,"2":1,"3":1,"4":1,"5":1,"6":0,"7":0,"8":0,"9":1,"10":1},"f":{"0":0},"b":{},"inputSourceMap":null,"_coverageSchema":"1a1c01bbd47fc00a2c39e90264f33305004495a9","hash":"7890d4d4eafebea36681a1deb4670bbb137c42f6"}
,"D:\\my-brand\\backend\\routes\\apis\\auth.js": {"path":"D:\\my-brand\\backend\\routes\\apis\\auth.js","statementMap":{"0":{"start":{"line":1,"column":16},"end":{"line":1,"column":34}},"1":{"start":{"line":2,"column":15},"end":{"line":2,"column":31}},"2":{"start":{"line":3,"column":22},"end":{"line":3,"column":70}},"3":{"start":{"line":4,"column":30},"end":{"line":4,"column":72}},"4":{"start":{"line":7,"column":0},"end":{"line":7,"column":43}},"5":{"start":{"line":8,"column":0},"end":{"line":8,"column":73}},"6":{"start":{"line":9,"column":0},"end":{"line":9,"column":65}},"7":{"start":{"line":10,"column":0},"end":{"line":10,"column":24}}},"fnMap":{},"branchMap":{},"s":{"0":1,"1":1,"2":1,"3":1,"4":1,"5":1,"6":1,"7":1},"f":{},"b":{},"inputSourceMap":null,"_coverageSchema":"1a1c01bbd47fc00a2c39e90264f33305004495a9","hash":"7e34fe2d337e6c1a1e2741c090dd278f6b44d525"}
,"D:\\my-brand\\backend\\routes\\apis\\comments.js": {"path":"D:\\my-brand\\backend\\routes\\apis\\comments.js","statementMap":{"0":{"start":{"line":1,"column":15},"end":{"line":1,"column":33}},"1":{"start":{"line":2,"column":14},"end":{"line":2,"column":30}},"2":{"start":{"line":3,"column":27},"end":{"line":3,"column":79}},"3":{"start":{"line":4,"column":42},"end":{"line":4,"column":84}},"4":{"start":{"line":6,"column":0},"end":{"line":6,"column":82}},"5":{"start":{"line":7,"column":0},"end":{"line":7,"column":76}},"6":{"start":{"line":8,"column":0},"end":{"line":8,"column":55}},"7":{"start":{"line":9,"column":0},"end":{"line":9,"column":79}},"8":{"start":{"line":10,"column":0},"end":{"line":10,"column":75}},"9":{"start":{"line":11,"column":0},"end":{"line":11,"column":23}}},"fnMap":{},"branchMap":{},"s":{"0":1,"1":1,"2":1,"3":1,"4":1,"5":1,"6":1,"7":1,"8":1,"9":1},"f":{},"b":{},"inputSourceMap":null,"_coverageSchema":"1a1c01bbd47fc00a2c39e90264f33305004495a9","hash":"9da326ef678761c264aebf8256782f5abe7fef72"}
,"D:\\my-brand\\backend\\routes\\apis\\contact.js": {"path":"D:\\my-brand\\backend\\routes\\apis\\contact.js","statementMap":{"0":{"start":{"line":1,"column":15},"end":{"line":1,"column":33}},"1":{"start":{"line":2,"column":14},"end":{"line":2,"column":30}},"2":{"start":{"line":3,"column":27},"end":{"line":3,"column":78}},"3":{"start":{"line":4,"column":42},"end":{"line":4,"column":84}},"4":{"start":{"line":7,"column":0},"end":{"line":7,"column":82}},"5":{"start":{"line":8,"column":0},"end":{"line":8,"column":56}},"6":{"start":{"line":9,"column":0},"end":{"line":9,"column":90}},"7":{"start":{"line":10,"column":0},"end":{"line":10,"column":94}},"8":{"start":{"line":11,"column":0},"end":{"line":11,"column":23}}},"fnMap":{},"branchMap":{},"s":{"0":1,"1":1,"2":1,"3":1,"4":1,"5":1,"6":1,"7":1,"8":1},"f":{},"b":{},"inputSourceMap":null,"_coverageSchema":"1a1c01bbd47fc00a2c39e90264f33305004495a9","hash":"95dd24d643f3676082063bc983d38180040d691e"}
,"D:\\my-brand\\backend\\routes\\apis\\likes.js": {"path":"D:\\my-brand\\backend\\routes\\apis\\likes.js","statementMap":{"0":{"start":{"line":1,"column":16},"end":{"line":1,"column":34}},"1":{"start":{"line":2,"column":15},"end":{"line":2,"column":31}},"2":{"start":{"line":3,"column":23},"end":{"line":3,"column":72}},"3":{"start":{"line":4,"column":42},"end":{"line":4,"column":84}},"4":{"start":{"line":6,"column":0},"end":{"line":6,"column":82}},"5":{"start":{"line":7,"column":0},"end":{"line":7,"column":51}},"6":{"start":{"line":8,"column":0},"end":{"line":8,"column":70}},"7":{"start":{"line":9,"column":0},"end":{"line":9,"column":73}},"8":{"start":{"line":11,"column":0},"end":{"line":11,"column":23}}},"fnMap":{},"branchMap":{},"s":{"0":1,"1":1,"2":1,"3":1,"4":1,"5":1,"6":1,"7":1,"8":1},"f":{},"b":{},"inputSourceMap":null,"_coverageSchema":"1a1c01bbd47fc00a2c39e90264f33305004495a9","hash":"27722b514001942e2845cc101fd3372e8da309f6"}
,"D:\\my-brand\\backend\\routes\\apis\\portfolios.js": {"path":"D:\\my-brand\\backend\\routes\\apis\\portfolios.js","statementMap":{"0":{"start":{"line":1,"column":29},"end":{"line":1,"column":83}},"1":{"start":{"line":2,"column":14},"end":{"line":2,"column":32}},"2":{"start":{"line":3,"column":13},"end":{"line":3,"column":29}},"3":{"start":{"line":4,"column":42},"end":{"line":4,"column":84}},"4":{"start":{"line":6,"column":0},"end":{"line":6,"column":57}},"5":{"start":{"line":7,"column":0},"end":{"line":7,"column":61}},"6":{"start":{"line":9,"column":0},"end":{"line":9,"column":94}},"7":{"start":{"line":10,"column":0},"end":{"line":10,"column":97}},"8":{"start":{"line":11,"column":0},"end":{"line":11,"column":100}},"9":{"start":{"line":12,"column":0},"end":{"line":12,"column":23}}},"fnMap":{},"branchMap":{},"s":{"0":1,"1":1,"2":1,"3":1,"4":1,"5":1,"6":1,"7":1,"8":1,"9":1},"f":{},"b":{},"inputSourceMap":null,"_coverageSchema":"1a1c01bbd47fc00a2c39e90264f33305004495a9","hash":"ba61254873d8c6a56a024587d81186ff9632fa51"}
,"D:\\my-brand\\backend\\routes\\apis\\posts.js": {"path":"D:\\my-brand\\backend\\routes\\apis\\posts.js","statementMap":{"0":{"start":{"line":1,"column":16},"end":{"line":1,"column":34}},"1":{"start":{"line":2,"column":15},"end":{"line":2,"column":31}},"2":{"start":{"line":3,"column":23},"end":{"line":3,"column":72}},"3":{"start":{"line":4,"column":42},"end":{"line":4,"column":84}},"4":{"start":{"line":6,"column":0},"end":{"line":6,"column":46}},"5":{"start":{"line":7,"column":0},"end":{"line":7,"column":45}},"6":{"start":{"line":9,"column":0},"end":{"line":9,"column":83}},"7":{"start":{"line":10,"column":0},"end":{"line":10,"column":86}},"8":{"start":{"line":11,"column":0},"end":{"line":11,"column":82}},"9":{"start":{"line":12,"column":0},"end":{"line":12,"column":23}}},"fnMap":{},"branchMap":{},"s":{"0":1,"1":1,"2":1,"3":1,"4":1,"5":1,"6":1,"7":1,"8":1,"9":1},"f":{},"b":{},"inputSourceMap":null,"_coverageSchema":"1a1c01bbd47fc00a2c39e90264f33305004495a9","hash":"89f36c3f46cd9c2aadc3c28aefd9c1663aa72b7e"}
,"D:\\my-brand\\backend\\routes\\apis\\users.js": {"path":"D:\\my-brand\\backend\\routes\\apis\\users.js","statementMap":{"0":{"start":{"line":1,"column":16},"end":{"line":1,"column":34}},"1":{"start":{"line":2,"column":15},"end":{"line":2,"column":31}},"2":{"start":{"line":3,"column":23},"end":{"line":3,"column":72}},"3":{"start":{"line":4,"column":42},"end":{"line":4,"column":84}},"4":{"start":{"line":6,"column":0},"end":{"line":6,"column":50}},"5":{"start":{"line":8,"column":0},"end":{"line":8,"column":77}},"6":{"start":{"line":9,"column":0},"end":{"line":9,"column":65}},"7":{"start":{"line":10,"column":0},"end":{"line":10,"column":74}},"8":{"start":{"line":11,"column":0},"end":{"line":11,"column":76}},"9":{"start":{"line":13,"column":0},"end":{"line":13,"column":24}}},"fnMap":{},"branchMap":{},"s":{"0":1,"1":1,"2":1,"3":1,"4":1,"5":1,"6":1,"7":1,"8":1,"9":1},"f":{},"b":{},"inputSourceMap":null,"_coverageSchema":"1a1c01bbd47fc00a2c39e90264f33305004495a9","hash":"daab1849a3c4cb52f4321e7867c2262141e9ebdd"}
}
